<?xml version="1.0" encoding="UTF-8"?>
<robot generator="Robot 4.1.3 (Python 3.10.2 on win32)" generated="20220209 10:29:09.818" rpa="false" schemaversion="2">
<suite id="s1" name="Demo2 Suite" source="C:\Users\Sreedharreddy\PycharmProjects\robot_framework\selenium_suite\demo2_suite.robot">
<test id="s1-t1" name="TC1 Valid Login">
<kw name="Open Browser" library="SeleniumLibrary">
<arg>url=https://opensource-demo.orangehrmlive.com/</arg>
<arg>browser=firefox</arg>
<arg>executable_path=${EXECDIR}/driver/geckodriver</arg>
<doc>Opens a new browser instance to the optional ``url``.</doc>
<msg timestamp="20220209 10:29:13.122" level="INFO">Opening browser 'firefox' to base url 'https://opensource-demo.orangehrmlive.com/'.</msg>
<msg timestamp="20220209 10:29:13.160" level="INFO">Firefox driver log is always forced to to: C:\Users\Sreedharreddy\PycharmProjects\robot_framework\geckodriver-8.log</msg>
<msg timestamp="20220209 10:30:02.784" level="INFO">Cannot capture screenshot because no browser is open.</msg>
<msg timestamp="20220209 10:30:02.951" level="FAIL">WebDriverException: Message: Process unexpectedly closed with status 0
</msg>
<status status="FAIL" starttime="20220209 10:29:13.121" endtime="20220209 10:30:02.951"/>
</kw>
<kw name="Input Text" library="SeleniumLibrary">
<arg>id=txtUsername</arg>
<arg>Admin</arg>
<doc>Types the given ``text`` into the text field identified by ``locator``.</doc>
<status status="NOT RUN" starttime="20220209 10:30:02.965" endtime="20220209 10:30:02.965"/>
</kw>
<kw name="Input Password" library="SeleniumLibrary">
<arg>id=txtPassword</arg>
<arg>admin123</arg>
<doc>Types the given password into the text field identified by ``locator``.</doc>
<status status="NOT RUN" starttime="20220209 10:30:02.967" endtime="20220209 10:30:02.967"/>
</kw>
<kw name="Click Element" library="SeleniumLibrary">
<arg>name=Submit</arg>
<doc>Click the element identified by ``locator``.</doc>
<status status="NOT RUN" starttime="20220209 10:30:02.969" endtime="20220209 10:30:02.969"/>
</kw>
<kw name="Click Element" library="SeleniumLibrary">
<arg>id=welcome</arg>
<doc>Click the element identified by ``locator``.</doc>
<status status="NOT RUN" starttime="20220209 10:30:02.971" endtime="20220209 10:30:02.971"/>
</kw>
<kw name="Sleep" library="BuiltIn">
<arg>5s</arg>
<doc>Pauses the test executed for the given time.</doc>
<status status="NOT RUN" starttime="20220209 10:30:02.973" endtime="20220209 10:30:02.973"/>
</kw>
<kw name="Click Element" library="SeleniumLibrary">
<arg>link=Logout</arg>
<doc>Click the element identified by ``locator``.</doc>
<status status="NOT RUN" starttime="20220209 10:30:02.975" endtime="20220209 10:30:02.975"/>
</kw>
<kw name="Close Browser" library="SeleniumLibrary">
<doc>Closes the current browser.</doc>
<status status="NOT RUN" starttime="20220209 10:30:02.976" endtime="20220209 10:30:02.977"/>
</kw>
<status status="FAIL" starttime="20220209 10:29:13.120" endtime="20220209 10:30:02.978">WebDriverException: Message: Process unexpectedly closed with status 0
</status>
</test>
<status status="FAIL" starttime="20220209 10:29:09.833" endtime="20220209 10:30:02.982"/>
</suite>
<statistics>
<total>
<stat pass="0" fail="1" skip="0">All Tests</stat>
</total>
<tag>
</tag>
<suite>
<stat pass="0" fail="1" skip="0" id="s1" name="Demo2 Suite">Demo2 Suite</stat>
</suite>
</statistics>
<errors>
</errors>
</robot>
