<?xml version="1.0" encoding="UTF-8"?>
<robot generator="Robot 4.1.3 (Python 3.10.2 on win32)" generated="20220209 22:05:08.158" rpa="false" schemaversion="2">
<suite id="s1" name="Meddibuddy" source="C:\Users\Sreedharreddy\PycharmProjects\robot_framework\selenium_suite\meddibuddy.robot">
<test id="s1-t1" name="TC1 Valid Login">
<kw name="Open Browser" library="SeleniumLibrary">
<arg>url=https://www.medibuddy.in/</arg>
<arg>browser=firefox</arg>
<arg>executable_path=${EXECDIR}/driver/geckodriver</arg>
<doc>Opens a new browser instance to the optional ``url``.</doc>
<msg timestamp="20220209 22:05:08.575" level="INFO">Opening browser 'firefox' to base url 'https://www.medibuddy.in/'.</msg>
<msg timestamp="20220209 22:05:08.575" level="INFO">Firefox driver log is always forced to to: C:\Users\Sreedharreddy\PycharmProjects\robot_framework\geckodriver-20.log</msg>
<status status="PASS" starttime="20220209 22:05:08.575" endtime="20220209 22:05:35.556"/>
</kw>
<kw name="Maximize Browser Window" library="SeleniumLibrary">
<doc>Maximizes current browser window.</doc>
<status status="PASS" starttime="20220209 22:05:35.556" endtime="20220209 22:05:35.587"/>
</kw>
<kw name="Set Selenium Implicit Wait" library="SeleniumLibrary">
<arg>30s</arg>
<doc>Sets the implicit wait value used by Selenium.</doc>
<status status="PASS" starttime="20220209 22:05:35.587" endtime="20220209 22:05:35.634"/>
</kw>
<kw name="Click Element" library="SeleniumLibrary">
<arg>link=For Employer</arg>
<doc>Click the element identified by ``locator``.</doc>
<msg timestamp="20220209 22:05:35.634" level="INFO">Clicking element 'link=For Employer'.</msg>
<status status="PASS" starttime="20220209 22:05:35.634" endtime="20220209 22:05:38.740"/>
</kw>
<kw name="Switch Window" library="SeleniumLibrary">
<arg>MediBuddy LaunchPad</arg>
<doc>Switches to browser window matching ``locator``.</doc>
<msg timestamp="20220209 22:05:39.863" level="INFO" html="true">&lt;/td&gt;&lt;/tr&gt;&lt;tr&gt;&lt;td colspan="3"&gt;&lt;a href="selenium-screenshot-9.png"&gt;&lt;img src="selenium-screenshot-9.png" width="800px"&gt;&lt;/a&gt;</msg>
<msg timestamp="20220209 22:05:40.156" level="FAIL">No window matching handle, name, title or URL 'MediBuddy LaunchPad' found.</msg>
<status status="FAIL" starttime="20220209 22:05:38.747" endtime="20220209 22:05:40.158"/>
</kw>
<kw name="Click Element" library="SeleniumLibrary">
<arg>Sign up</arg>
<doc>Click the element identified by ``locator``.</doc>
<status status="NOT RUN" starttime="20220209 22:05:40.181" endtime="20220209 22:05:40.181"/>
</kw>
<kw name="Input Text" library="SeleniumLibrary">
<arg>id=name</arg>
<arg>manvitha</arg>
<doc>Types the given ``text`` into the text field identified by ``locator``.</doc>
<status status="NOT RUN" starttime="20220209 22:05:40.194" endtime="20220209 22:05:40.194"/>
</kw>
<kw name="Input Text" library="SeleniumLibrary">
<arg>name=email</arg>
<arg>saimanvithakurapati@gmail.com</arg>
<doc>Types the given ``text`` into the text field identified by ``locator``.</doc>
<status status="NOT RUN" starttime="20220209 22:05:40.211" endtime="20220209 22:05:40.212"/>
</kw>
<kw name="Input Text" library="SeleniumLibrary">
<arg>id=companyName</arg>
<arg>LT</arg>
<doc>Types the given ``text`` into the text field identified by ``locator``.</doc>
<status status="NOT RUN" starttime="20220209 22:05:40.214" endtime="20220209 22:05:40.214"/>
</kw>
<kw name="Input Text" library="SeleniumLibrary">
<arg>id=mobileNumber</arg>
<arg>9877777</arg>
<doc>Types the given ``text`` into the text field identified by ``locator``.</doc>
<status status="NOT RUN" starttime="20220209 22:05:40.232" endtime="20220209 22:05:40.233"/>
</kw>
<kw name="Click Element" library="SeleniumLibrary">
<arg>xpath=//input[@value='Next]</arg>
<doc>Click the element identified by ``locator``.</doc>
<status status="NOT RUN" starttime="20220209 22:05:40.233" endtime="20220209 22:05:40.233"/>
</kw>
<status status="FAIL" starttime="20220209 22:05:08.560" endtime="20220209 22:05:40.234">No window matching handle, name, title or URL 'MediBuddy LaunchPad' found.</status>
</test>
<status status="FAIL" starttime="20220209 22:05:08.181" endtime="20220209 22:05:40.237"/>
</suite>
<statistics>
<total>
<stat pass="0" fail="1" skip="0">All Tests</stat>
</total>
<tag>
</tag>
<suite>
<stat pass="0" fail="1" skip="0" id="s1" name="Meddibuddy">Meddibuddy</stat>
</suite>
</statistics>
<errors>
</errors>
</robot>
