<?xml version="1.0" encoding="UTF-8"?>
<robot generator="Robot 4.1.3 (Python 3.10.2 on win32)" generated="20220211 09:51:01.987" rpa="false" schemaversion="2">
<suite id="s1" name="Advance Selenium" source="C:\Users\Sreedharreddy\PycharmProjects\robot_framework\advance_suite\advance_selenium.robot">
<test id="s1-t1" name="TC1">
<kw name="Open Browser" library="SeleniumLibrary">
<arg>browser=firefox</arg>
<arg>executable_path=${EXECDIR}/driver/geckodriver</arg>
<doc>Opens a new browser instance to the optional ``url``.</doc>
<msg timestamp="20220211 09:51:03.006" level="INFO">Opening browser 'firefox' to base url 'None'.</msg>
<msg timestamp="20220211 09:51:03.084" level="INFO">Firefox driver log is always forced to to: C:\Users\Sreedharreddy\PycharmProjects\robot_framework\geckodriver-49.log</msg>
<status status="PASS" starttime="20220211 09:51:03.006" endtime="20220211 09:51:28.721"/>
</kw>
<kw name="Maximize Browser Window" library="SeleniumLibrary">
<doc>Maximizes current browser window.</doc>
<status status="PASS" starttime="20220211 09:51:28.721" endtime="20220211 09:51:28.737"/>
</kw>
<kw name="Set Selenium Implicit Wait" library="SeleniumLibrary">
<arg>30s</arg>
<doc>Sets the implicit wait value used by Selenium.</doc>
<status status="PASS" starttime="20220211 09:51:28.737" endtime="20220211 09:51:28.775"/>
</kw>
<kw name="Go To" library="SeleniumLibrary">
<arg>url=http://google.com/</arg>
<doc>Navigates the current browser window to the provided ``url``.</doc>
<msg timestamp="20220211 09:51:28.775" level="INFO">Opening url 'http://google.com/'</msg>
<status status="PASS" starttime="20220211 09:51:28.775" endtime="20220211 09:51:44.846"/>
</kw>
<kw name="Get Element Count" library="SeleniumLibrary">
<var>${linkcount}</var>
<arg>tag=a</arg>
<doc>Returns the number of elements matching ``locator``.</doc>
<msg timestamp="20220211 09:51:45.100" level="INFO">${linkcount} = 25</msg>
<status status="PASS" starttime="20220211 09:51:44.846" endtime="20220211 09:51:45.100"/>
</kw>
<kw name="Log To Console" library="BuiltIn">
<arg>${linkcount}</arg>
<doc>Logs the given message to the console.</doc>
<status status="PASS" starttime="20220211 09:51:45.116" endtime="20220211 09:51:45.116"/>
</kw>
<kw name="Get WebElements" library="SeleniumLibrary">
<var>@{elements}</var>
<arg>tag=a</arg>
<doc>Returns a list of WebElement objects matching the ``locator``.</doc>
<msg timestamp="20220211 09:51:45.548" level="INFO">@{elements} = [ &lt;selenium.webdriver.remote.webelement.WebElement (session="8c8a0c1c-0127-468a-9d4e-8284e35bec44", element="e32c95bd-bef5-42ee-b1c1-ed7ecea273a5")&gt; | &lt;selenium.webdriver.remote.webelement.WebElement ...</msg>
<status status="PASS" starttime="20220211 09:51:45.116" endtime="20220211 09:51:45.548"/>
</kw>
<for flavor="IN RANGE">
<var>${i}</var>
<value>0</value>
<value>${linkcount}</value>
<value>1</value>
<iter>
<var name="${i}">0</var>
<kw name="Get Text" library="SeleniumLibrary">
<var>${text}</var>
<arg>${elements}[${i}]</arg>
<doc>Returns the text value of the element identified by ``locator``.</doc>
<msg timestamp="20220211 09:51:46.002" level="INFO">${text} = Gmail</msg>
<status status="PASS" starttime="20220211 09:51:45.564" endtime="20220211 09:51:46.002"/>
</kw>
<kw name="Log To Console" library="BuiltIn">
<arg>${text}</arg>
<doc>Logs the given message to the console.</doc>
<status status="PASS" starttime="20220211 09:51:46.002" endtime="20220211 09:51:46.002"/>
</kw>
<status status="PASS" starttime="20220211 09:51:45.548" endtime="20220211 09:51:46.002"/>
</iter>
<iter>
<var name="${i}">1</var>
<kw name="Get Text" library="SeleniumLibrary">
<var>${text}</var>
<arg>${elements}[${i}]</arg>
<doc>Returns the text value of the element identified by ``locator``.</doc>
<msg timestamp="20220211 09:51:46.080" level="INFO">${text} = Images</msg>
<status status="PASS" starttime="20220211 09:51:46.002" endtime="20220211 09:51:46.080"/>
</kw>
<kw name="Log To Console" library="BuiltIn">
<arg>${text}</arg>
<doc>Logs the given message to the console.</doc>
<status status="PASS" starttime="20220211 09:51:46.080" endtime="20220211 09:51:46.080"/>
</kw>
<status status="PASS" starttime="20220211 09:51:46.002" endtime="20220211 09:51:46.080"/>
</iter>
<iter>
<var name="${i}">2</var>
<kw name="Get Text" library="SeleniumLibrary">
<var>${text}</var>
<arg>${elements}[${i}]</arg>
<doc>Returns the text value of the element identified by ``locator``.</doc>
<msg timestamp="20220211 09:51:46.319" level="INFO">${text} = </msg>
<status status="PASS" starttime="20220211 09:51:46.080" endtime="20220211 09:51:46.319"/>
</kw>
<kw name="Log To Console" library="BuiltIn">
<arg>${text}</arg>
<doc>Logs the given message to the console.</doc>
<status status="PASS" starttime="20220211 09:51:46.319" endtime="20220211 09:51:46.319"/>
</kw>
<status status="PASS" starttime="20220211 09:51:46.080" endtime="20220211 09:51:46.319"/>
</iter>
<iter>
<var name="${i}">3</var>
<kw name="Get Text" library="SeleniumLibrary">
<var>${text}</var>
<arg>${elements}[${i}]</arg>
<doc>Returns the text value of the element identified by ``locator``.</doc>
<msg timestamp="20220211 09:51:46.588" level="INFO">${text} = Sign in</msg>
<status status="PASS" starttime="20220211 09:51:46.319" endtime="20220211 09:51:46.588"/>
</kw>
<kw name="Log To Console" library="BuiltIn">
<arg>${text}</arg>
<doc>Logs the given message to the console.</doc>
<status status="PASS" starttime="20220211 09:51:46.588" endtime="20220211 09:51:46.588"/>
</kw>
<status status="PASS" starttime="20220211 09:51:46.319" endtime="20220211 09:51:46.588"/>
</iter>
<iter>
<var name="${i}">4</var>
<kw name="Get Text" library="SeleniumLibrary">
<var>${text}</var>
<arg>${elements}[${i}]</arg>
<doc>Returns the text value of the element identified by ``locator``.</doc>
<msg timestamp="20220211 09:51:47.354" level="INFO">${text} = </msg>
<status status="PASS" starttime="20220211 09:51:46.588" endtime="20220211 09:51:47.354"/>
</kw>
<kw name="Log To Console" library="BuiltIn">
<arg>${text}</arg>
<doc>Logs the given message to the console.</doc>
<status status="PASS" starttime="20220211 09:51:47.354" endtime="20220211 09:51:47.354"/>
</kw>
<status status="PASS" starttime="20220211 09:51:46.588" endtime="20220211 09:51:47.354"/>
</iter>
<iter>
<var name="${i}">5</var>
<kw name="Get Text" library="SeleniumLibrary">
<var>${text}</var>
<arg>${elements}[${i}]</arg>
<doc>Returns the text value of the element identified by ``locator``.</doc>
<msg timestamp="20220211 09:51:47.656" level="INFO">${text} = हिन्दी</msg>
<status status="PASS" starttime="20220211 09:51:47.354" endtime="20220211 09:51:47.741"/>
</kw>
<kw name="Log To Console" library="BuiltIn">
<arg>${text}</arg>
<doc>Logs the given message to the console.</doc>
<status status="PASS" starttime="20220211 09:51:47.741" endtime="20220211 09:51:47.741"/>
</kw>
<status status="PASS" starttime="20220211 09:51:47.354" endtime="20220211 09:51:47.741"/>
</iter>
<iter>
<var name="${i}">6</var>
<kw name="Get Text" library="SeleniumLibrary">
<var>${text}</var>
<arg>${elements}[${i}]</arg>
<doc>Returns the text value of the element identified by ``locator``.</doc>
<msg timestamp="20220211 09:51:48.090" level="INFO">${text} = বাংলা</msg>
<status status="PASS" starttime="20220211 09:51:47.741" endtime="20220211 09:51:48.090"/>
</kw>
<kw name="Log To Console" library="BuiltIn">
<arg>${text}</arg>
<doc>Logs the given message to the console.</doc>
<status status="PASS" starttime="20220211 09:51:48.090" endtime="20220211 09:51:48.096"/>
</kw>
<status status="PASS" starttime="20220211 09:51:47.741" endtime="20220211 09:51:48.096"/>
</iter>
<iter>
<var name="${i}">7</var>
<kw name="Get Text" library="SeleniumLibrary">
<var>${text}</var>
<arg>${elements}[${i}]</arg>
<doc>Returns the text value of the element identified by ``locator``.</doc>
<msg timestamp="20220211 09:51:48.274" level="INFO">${text} = తెలుగు</msg>
<status status="PASS" starttime="20220211 09:51:48.096" endtime="20220211 09:51:48.274"/>
</kw>
<kw name="Log To Console" library="BuiltIn">
<arg>${text}</arg>
<doc>Logs the given message to the console.</doc>
<status status="PASS" starttime="20220211 09:51:48.274" endtime="20220211 09:51:48.274"/>
</kw>
<status status="PASS" starttime="20220211 09:51:48.096" endtime="20220211 09:51:48.274"/>
</iter>
<iter>
<var name="${i}">8</var>
<kw name="Get Text" library="SeleniumLibrary">
<var>${text}</var>
<arg>${elements}[${i}]</arg>
<doc>Returns the text value of the element identified by ``locator``.</doc>
<msg timestamp="20220211 09:51:48.397" level="INFO">${text} = मराठी</msg>
<status status="PASS" starttime="20220211 09:51:48.274" endtime="20220211 09:51:48.397"/>
</kw>
<kw name="Log To Console" library="BuiltIn">
<arg>${text}</arg>
<doc>Logs the given message to the console.</doc>
<status status="PASS" starttime="20220211 09:51:48.397" endtime="20220211 09:51:48.397"/>
</kw>
<status status="PASS" starttime="20220211 09:51:48.274" endtime="20220211 09:51:48.397"/>
</iter>
<iter>
<var name="${i}">9</var>
<kw name="Get Text" library="SeleniumLibrary">
<var>${text}</var>
<arg>${elements}[${i}]</arg>
<doc>Returns the text value of the element identified by ``locator``.</doc>
<msg timestamp="20220211 09:51:48.559" level="INFO">${text} = தமிழ்</msg>
<status status="PASS" starttime="20220211 09:51:48.397" endtime="20220211 09:51:48.559"/>
</kw>
<kw name="Log To Console" library="BuiltIn">
<arg>${text}</arg>
<doc>Logs the given message to the console.</doc>
<status status="PASS" starttime="20220211 09:51:48.559" endtime="20220211 09:51:48.575"/>
</kw>
<status status="PASS" starttime="20220211 09:51:48.397" endtime="20220211 09:51:48.575"/>
</iter>
<iter>
<var name="${i}">10</var>
<kw name="Get Text" library="SeleniumLibrary">
<var>${text}</var>
<arg>${elements}[${i}]</arg>
<doc>Returns the text value of the element identified by ``locator``.</doc>
<msg timestamp="20220211 09:51:48.961" level="INFO">${text} = ગુજરાતી</msg>
<status status="PASS" starttime="20220211 09:51:48.575" endtime="20220211 09:51:48.961"/>
</kw>
<kw name="Log To Console" library="BuiltIn">
<arg>${text}</arg>
<doc>Logs the given message to the console.</doc>
<status status="PASS" starttime="20220211 09:51:48.961" endtime="20220211 09:51:48.961"/>
</kw>
<status status="PASS" starttime="20220211 09:51:48.575" endtime="20220211 09:51:48.961"/>
</iter>
<iter>
<var name="${i}">11</var>
<kw name="Get Text" library="SeleniumLibrary">
<var>${text}</var>
<arg>${elements}[${i}]</arg>
<doc>Returns the text value of the element identified by ``locator``.</doc>
<msg timestamp="20220211 09:51:49.316" level="INFO">${text} = ಕನ್ನಡ</msg>
<status status="PASS" starttime="20220211 09:51:48.961" endtime="20220211 09:51:49.316"/>
</kw>
<kw name="Log To Console" library="BuiltIn">
<arg>${text}</arg>
<doc>Logs the given message to the console.</doc>
<status status="PASS" starttime="20220211 09:51:49.316" endtime="20220211 09:51:49.316"/>
</kw>
<status status="PASS" starttime="20220211 09:51:48.961" endtime="20220211 09:51:49.316"/>
</iter>
<iter>
<var name="${i}">12</var>
<kw name="Get Text" library="SeleniumLibrary">
<var>${text}</var>
<arg>${elements}[${i}]</arg>
<doc>Returns the text value of the element identified by ``locator``.</doc>
<msg timestamp="20220211 09:51:49.549" level="INFO">${text} = മലയാളം</msg>
<status status="PASS" starttime="20220211 09:51:49.316" endtime="20220211 09:51:49.549"/>
</kw>
<kw name="Log To Console" library="BuiltIn">
<arg>${text}</arg>
<doc>Logs the given message to the console.</doc>
<status status="PASS" starttime="20220211 09:51:49.549" endtime="20220211 09:51:49.549"/>
</kw>
<status status="PASS" starttime="20220211 09:51:49.316" endtime="20220211 09:51:49.549"/>
</iter>
<iter>
<var name="${i}">13</var>
<kw name="Get Text" library="SeleniumLibrary">
<var>${text}</var>
<arg>${elements}[${i}]</arg>
<doc>Returns the text value of the element identified by ``locator``.</doc>
<msg timestamp="20220211 09:51:49.680" level="INFO">${text} = ਪੰਜਾਬੀ</msg>
<status status="PASS" starttime="20220211 09:51:49.549" endtime="20220211 09:51:49.680"/>
</kw>
<kw name="Log To Console" library="BuiltIn">
<arg>${text}</arg>
<doc>Logs the given message to the console.</doc>
<status status="PASS" starttime="20220211 09:51:49.680" endtime="20220211 09:51:49.680"/>
</kw>
<status status="PASS" starttime="20220211 09:51:49.549" endtime="20220211 09:51:49.680"/>
</iter>
<iter>
<var name="${i}">14</var>
<kw name="Get Text" library="SeleniumLibrary">
<var>${text}</var>
<arg>${elements}[${i}]</arg>
<doc>Returns the text value of the element identified by ``locator``.</doc>
<msg timestamp="20220211 09:51:49.897" level="INFO">${text} = About</msg>
<status status="PASS" starttime="20220211 09:51:49.680" endtime="20220211 09:51:49.897"/>
</kw>
<kw name="Log To Console" library="BuiltIn">
<arg>${text}</arg>
<doc>Logs the given message to the console.</doc>
<status status="PASS" starttime="20220211 09:51:49.897" endtime="20220211 09:51:49.904"/>
</kw>
<status status="PASS" starttime="20220211 09:51:49.680" endtime="20220211 09:51:49.904"/>
</iter>
<iter>
<var name="${i}">15</var>
<kw name="Get Text" library="SeleniumLibrary">
<var>${text}</var>
<arg>${elements}[${i}]</arg>
<doc>Returns the text value of the element identified by ``locator``.</doc>
<msg timestamp="20220211 09:51:50.323" level="INFO">${text} = Advertising</msg>
<status status="PASS" starttime="20220211 09:51:49.904" endtime="20220211 09:51:50.323"/>
</kw>
<kw name="Log To Console" library="BuiltIn">
<arg>${text}</arg>
<doc>Logs the given message to the console.</doc>
<status status="PASS" starttime="20220211 09:51:50.323" endtime="20220211 09:51:50.323"/>
</kw>
<status status="PASS" starttime="20220211 09:51:49.904" endtime="20220211 09:51:50.323"/>
</iter>
<iter>
<var name="${i}">16</var>
<kw name="Get Text" library="SeleniumLibrary">
<var>${text}</var>
<arg>${elements}[${i}]</arg>
<doc>Returns the text value of the element identified by ``locator``.</doc>
<msg timestamp="20220211 09:51:50.423" level="INFO">${text} = Business</msg>
<status status="PASS" starttime="20220211 09:51:50.323" endtime="20220211 09:51:50.423"/>
</kw>
<kw name="Log To Console" library="BuiltIn">
<arg>${text}</arg>
<doc>Logs the given message to the console.</doc>
<status status="PASS" starttime="20220211 09:51:50.423" endtime="20220211 09:51:50.438"/>
</kw>
<status status="PASS" starttime="20220211 09:51:50.323" endtime="20220211 09:51:50.438"/>
</iter>
<iter>
<var name="${i}">17</var>
<kw name="Get Text" library="SeleniumLibrary">
<var>${text}</var>
<arg>${elements}[${i}]</arg>
<doc>Returns the text value of the element identified by ``locator``.</doc>
<msg timestamp="20220211 09:51:50.702" level="INFO">${text} = How Search works</msg>
<status status="PASS" starttime="20220211 09:51:50.438" endtime="20220211 09:51:50.702"/>
</kw>
<kw name="Log To Console" library="BuiltIn">
<arg>${text}</arg>
<doc>Logs the given message to the console.</doc>
<status status="PASS" starttime="20220211 09:51:50.702" endtime="20220211 09:51:50.702"/>
</kw>
<status status="PASS" starttime="20220211 09:51:50.438" endtime="20220211 09:51:50.702"/>
</iter>
<iter>
<var name="${i}">18</var>
<kw name="Get Text" library="SeleniumLibrary">
<var>${text}</var>
<arg>${elements}[${i}]</arg>
<doc>Returns the text value of the element identified by ``locator``.</doc>
<msg timestamp="20220211 09:51:51.025" level="INFO">${text} = Privacy</msg>
<status status="PASS" starttime="20220211 09:51:50.702" endtime="20220211 09:51:51.025"/>
</kw>
<kw name="Log To Console" library="BuiltIn">
<arg>${text}</arg>
<doc>Logs the given message to the console.</doc>
<status status="PASS" starttime="20220211 09:51:51.025" endtime="20220211 09:51:51.025"/>
</kw>
<status status="PASS" starttime="20220211 09:51:50.702" endtime="20220211 09:51:51.025"/>
</iter>
<iter>
<var name="${i}">19</var>
<kw name="Get Text" library="SeleniumLibrary">
<var>${text}</var>
<arg>${elements}[${i}]</arg>
<doc>Returns the text value of the element identified by ``locator``.</doc>
<msg timestamp="20220211 09:51:51.204" level="INFO">${text} = Terms</msg>
<status status="PASS" starttime="20220211 09:51:51.025" endtime="20220211 09:51:51.204"/>
</kw>
<kw name="Log To Console" library="BuiltIn">
<arg>${text}</arg>
<doc>Logs the given message to the console.</doc>
<status status="PASS" starttime="20220211 09:51:51.204" endtime="20220211 09:51:51.210"/>
</kw>
<status status="PASS" starttime="20220211 09:51:51.025" endtime="20220211 09:51:51.210"/>
</iter>
<iter>
<var name="${i}">20</var>
<kw name="Get Text" library="SeleniumLibrary">
<var>${text}</var>
<arg>${elements}[${i}]</arg>
<doc>Returns the text value of the element identified by ``locator``.</doc>
<msg timestamp="20220211 09:51:51.991" level="INFO">${text} = </msg>
<status status="PASS" starttime="20220211 09:51:51.210" endtime="20220211 09:51:51.991"/>
</kw>
<kw name="Log To Console" library="BuiltIn">
<arg>${text}</arg>
<doc>Logs the given message to the console.</doc>
<status status="PASS" starttime="20220211 09:51:51.991" endtime="20220211 09:51:52.007"/>
</kw>
<status status="PASS" starttime="20220211 09:51:51.210" endtime="20220211 09:51:52.007"/>
</iter>
<iter>
<var name="${i}">21</var>
<kw name="Get Text" library="SeleniumLibrary">
<var>${text}</var>
<arg>${elements}[${i}]</arg>
<doc>Returns the text value of the element identified by ``locator``.</doc>
<msg timestamp="20220211 09:51:52.029" level="INFO">${text} = </msg>
<status status="PASS" starttime="20220211 09:51:52.007" endtime="20220211 09:51:52.029"/>
</kw>
<kw name="Log To Console" library="BuiltIn">
<arg>${text}</arg>
<doc>Logs the given message to the console.</doc>
<status status="PASS" starttime="20220211 09:51:52.029" endtime="20220211 09:51:52.029"/>
</kw>
<status status="PASS" starttime="20220211 09:51:52.007" endtime="20220211 09:51:52.029"/>
</iter>
<iter>
<var name="${i}">22</var>
<kw name="Get Text" library="SeleniumLibrary">
<var>${text}</var>
<arg>${elements}[${i}]</arg>
<doc>Returns the text value of the element identified by ``locator``.</doc>
<msg timestamp="20220211 09:51:52.145" level="INFO">${text} = </msg>
<status status="PASS" starttime="20220211 09:51:52.029" endtime="20220211 09:51:52.145"/>
</kw>
<kw name="Log To Console" library="BuiltIn">
<arg>${text}</arg>
<doc>Logs the given message to the console.</doc>
<status status="PASS" starttime="20220211 09:51:52.145" endtime="20220211 09:51:52.145"/>
</kw>
<status status="PASS" starttime="20220211 09:51:52.029" endtime="20220211 09:51:52.145"/>
</iter>
<iter>
<var name="${i}">23</var>
<kw name="Get Text" library="SeleniumLibrary">
<var>${text}</var>
<arg>${elements}[${i}]</arg>
<doc>Returns the text value of the element identified by ``locator``.</doc>
<msg timestamp="20220211 09:51:52.207" level="INFO">${text} = </msg>
<status status="PASS" starttime="20220211 09:51:52.145" endtime="20220211 09:51:52.207"/>
</kw>
<kw name="Log To Console" library="BuiltIn">
<arg>${text}</arg>
<doc>Logs the given message to the console.</doc>
<status status="PASS" starttime="20220211 09:51:52.207" endtime="20220211 09:51:52.207"/>
</kw>
<status status="PASS" starttime="20220211 09:51:52.145" endtime="20220211 09:51:52.207"/>
</iter>
<iter>
<var name="${i}">24</var>
<kw name="Get Text" library="SeleniumLibrary">
<var>${text}</var>
<arg>${elements}[${i}]</arg>
<doc>Returns the text value of the element identified by ``locator``.</doc>
<msg timestamp="20220211 09:51:52.346" level="INFO">${text} = </msg>
<status status="PASS" starttime="20220211 09:51:52.207" endtime="20220211 09:51:52.346"/>
</kw>
<kw name="Log To Console" library="BuiltIn">
<arg>${text}</arg>
<doc>Logs the given message to the console.</doc>
<status status="PASS" starttime="20220211 09:51:52.361" endtime="20220211 09:51:52.361"/>
</kw>
<status status="PASS" starttime="20220211 09:51:52.207" endtime="20220211 09:51:52.361"/>
</iter>
<status status="PASS" starttime="20220211 09:51:45.548" endtime="20220211 09:51:52.361"/>
</for>
<status status="PASS" starttime="20220211 09:51:03.006" endtime="20220211 09:51:52.361"/>
</test>
<status status="PASS" starttime="20220211 09:51:01.987" endtime="20220211 09:51:52.361"/>
</suite>
<statistics>
<total>
<stat pass="1" fail="0" skip="0">All Tests</stat>
</total>
<tag>
</tag>
<suite>
<stat pass="1" fail="0" skip="0" id="s1" name="Advance Selenium">Advance Selenium</stat>
</suite>
</statistics>
<errors>
</errors>
</robot>
